<?xml version="1.0" encoding="UTF-8"?>
<!-- Generated by org.testng.reporters.JUnitReportReporter -->
<testsuite hostname="DESKTOP-U1VNJ3I" failures="0" tests="1" name="com.ab.pageLayer.BaseTest" time="0.048" errors="0" timestamp="2023-05-09T09:44:03 IST" skipped="0">
  <testcase classname="com.ab.pageLayer.BaseTest" name="initialiseBrowser" time="0.048"/>
  <system-out/>
</testsuite> <!-- com.ab.pageLayer.BaseTest -->
