<?xml version="1.0" encoding="UTF-8"?>
<!-- Generated by org.testng.reporters.JUnitReportReporter -->
<testsuite hostname="DESKTOP-U1VNJ3I" failures="0" tests="1" name="com.ab.testLayer.SearchFlightTest" time="49.375" errors="0" timestamp="2023-05-09T10:26:38 IST" skipped="0">
  <testcase classname="com.ab.testLayer.SearchFlightTest" name="searchflight" time="49.375"/>
  <system-out/>
</testsuite> <!-- com.ab.testLayer.SearchFlightTest -->
